[50b6503e-79d6-49ee-bc84-5739a2ae0e26.i143.xyz/index.html]
[gifdb.com/images/high/cute-love-bear-roses-ou7zho5oosxnpo6k.gif]
[50b6503e-79d6-49ee-bc84-5739a2ae0e26.i143.xyz/_next/static/css/a0f2dad0f3aafb76.css]
[50b6503e-79d6-49ee-bc84-5739a2ae0e26.i143.xyz/_next/static/chunks/webpack-6ae88a5c75739f60.js]
[50b6503e-79d6-49ee-bc84-5739a2ae0e26.i143.xyz/_next/static/chunks/4bd1b696-f29120b59246ebf1.js]
[50b6503e-79d6-49ee-bc84-5739a2ae0e26.i143.xyz/_next/static/chunks/517-bd56fff1273e4f95.js]
[50b6503e-79d6-49ee-bc84-5739a2ae0e26.i143.xyz/_next/static/chunks/main-app-a849309caff0f7ba.js]
[50b6503e-79d6-49ee-bc84-5739a2ae0e26.i143.xyz/_next/static/chunks/app/page-5d0a6df579c70d62.js]
[50b6503e-79d6-49ee-bc84-5739a2ae0e26.i143.xyz/_next/static/chunks/9081a741-329369ffd1ff719f.js]
[50b6503e-79d6-49ee-bc84-5739a2ae0e26.i143.xyz/_next/static/chunks/764-772f9d46a802fd5b.js]
[50b6503e-79d6-49ee-bc84-5739a2ae0e26.i143.xyz/_next/static/chunks/app/layout-cac4ce7191ee79ef.js]
[pagead2.googlesyndication.com/pagead/js/f29b4.txt]
[backblue.gif]
[fade.gif]
[index.html]
[50b6503e-79d6-49ee-bc84-5739a2ae0e26.i143.xyz/favicon.ico]
[50b6503e-79d6-49ee-bc84-5739a2ae0e26.i143.xyz/_next/static/chunks/polyfills-42372ed130431b0a.js]
[50b6503e-79d6-49ee-bc84-5739a2ae0e26.i143.xyz/privacy-policy.html]
[media.tenor.com/gUiu1zyxfzYAAAAi/bear-kiss-bear-kisses.gif]
[50b6503e-79d6-49ee-bc84-5739a2ae0e26.i143.xyz/index.html]
[50b6503e-79d6-49ee-bc84-5739a2ae0e26.i143.xyz/_next/static/media/8d697b304b401681-s.woff2]
[50b6503e-79d6-49ee-bc84-5739a2ae0e26.i143.xyz/_next/static/media/ba015fad6dcf6784-s.woff2]
[50b6503e-79d6-49ee-bc84-5739a2ae0e26.i143.xyz/_next/static/media/4cf2300e9c8272f7-s.p.woff2]
[50b6503e-79d6-49ee-bc84-5739a2ae0e26.i143.xyz/_next/static/media/9610d9e46709d722-s.woff2]
[50b6503e-79d6-49ee-bc84-5739a2ae0e26.i143.xyz/_next/static/media/747892c23ea88013-s.woff2]
[50b6503e-79d6-49ee-bc84-5739a2ae0e26.i143.xyz/_next/static/media/93f479601ee12b01-s.p.woff2]
[50b6503e-79d6-49ee-bc84-5739a2ae0e26.i143.xyz/_next/static/css/a0f2dad0f3aafb76.css]
[50b6503e-79d6-49ee-bc84-5739a2ae0e26.i143.xyz/privacy-policy.html]
